Epoch: 0
(Dev) Fine-grained ## precision: [32.55, 20.66, 16.67], recall: [30.92, 38.2, 45.54], macro-F1: 1.62, micro-F1: 29.34
(Dev) Ekman ## precision: [38.43, 36.72, 28.91], recall: [36.07, 69.25, 80.83], macro-F1: 12.01, micro-F1: 36.01
(Dev) Sentiment ## precision: [40.1, 36.74, 32.1], recall: [37.61, 69.25, 90.01], macro-F1: 18.74, micro-F1: 39.46
(Test) Fine-grained ## precision: [32.93, 20.78, 16.74], recall: [31.23, 38.38, 45.86], macro-F1: 1.63, micro-F1: 29.59
(Test) Ekman ## precision: [38.86, 35.85, 28.74], recall: [36.82, 67.79, 80.45], macro-F1: 12.48, micro-F1: 36.87
(Test) Sentiment ## precision: [39.25, 35.89, 31.64], recall: [37.06, 67.87, 89.26], macro-F1: 19.27, micro-F1: 38.66

Epoch: 1
(Dev) Fine-grained ## precision: [35.51, 22.55, 17.67], recall: [33.56, 41.41, 47.86], macro-F1: 4.67, micro-F1: 32.27
(Dev) Ekman ## precision: [42.72, 36.87, 29.13], recall: [40.31, 69.52, 81.44], macro-F1: 13.6, micro-F1: 39.86
(Dev) Sentiment ## precision: [44.07, 38.06, 32.1], recall: [41.51, 71.63, 90.03], macro-F1: 28.71, micro-F1: 42.13
(Test) Fine-grained ## precision: [36.08, 22.9, 17.78], recall: [33.95, 42.15, 48.41], macro-F1: 4.89, micro-F1: 32.58
(Test) Ekman ## precision: [42.4, 36.09, 28.67], recall: [40.26, 68.24, 80.33], macro-F1: 13.78, micro-F1: 39.91
(Test) Sentiment ## precision: [44.65, 37.63, 31.65], recall: [42.37, 71.12, 89.28], macro-F1: 30.05, micro-F1: 43.04

Epoch: 2
(Dev) Fine-grained ## precision: [37.39, 23.42, 18.09], recall: [34.97, 42.66, 48.9], macro-F1: 6.37, micro-F1: 34.0
(Dev) Ekman ## precision: [43.55, 37.28, 29.46], recall: [41.18, 70.11, 82.18], macro-F1: 16.58, micro-F1: 40.86
(Dev) Sentiment ## precision: [46.04, 38.71, 32.07], recall: [43.46, 72.84, 89.85], macro-F1: 32.17, micro-F1: 43.66
(Test) Fine-grained ## precision: [38.03, 23.8, 18.22], recall: [35.5, 43.5, 49.32], macro-F1: 6.9, micro-F1: 34.55
(Test) Ekman ## precision: [44.37, 36.67, 29.22], recall: [42.04, 69.15, 81.69], macro-F1: 17.21, micro-F1: 41.81
(Test) Sentiment ## precision: [47.06, 38.49, 31.67], recall: [44.74, 72.76, 89.22], macro-F1: 33.69, micro-F1: 44.87

Epoch: 3
(Dev) Fine-grained ## precision: [37.93, 24.0, 18.89], recall: [35.43, 43.54, 50.79], macro-F1: 7.43, micro-F1: 34.67
(Dev) Ekman ## precision: [44.27, 37.63, 29.53], recall: [41.92, 70.67, 82.42], macro-F1: 18.81, micro-F1: 41.41
(Dev) Sentiment ## precision: [46.33, 39.08, 32.19], recall: [43.96, 73.56, 90.16], macro-F1: 32.4, micro-F1: 43.62
(Test) Fine-grained ## precision: [38.31, 24.42, 18.96], recall: [35.67, 44.4, 51.13], macro-F1: 7.47, micro-F1: 34.84
(Test) Ekman ## precision: [44.96, 37.18, 29.4], recall: [42.63, 70.02, 82.22], macro-F1: 19.99, micro-F1: 42.07
(Test) Sentiment ## precision: [47.43, 38.7, 31.69], recall: [45.09, 73.06, 89.26], macro-F1: 33.76, micro-F1: 44.7

Epoch: 4
(Dev) Fine-grained ## precision: [38.87, 24.56, 19.15], recall: [36.15, 44.46, 51.53], macro-F1: 9.37, micro-F1: 35.31
(Dev) Ekman ## precision: [45.43, 37.91, 29.7], recall: [43.02, 71.31, 82.85], macro-F1: 23.57, micro-F1: 42.55
(Dev) Sentiment ## precision: [46.72, 39.25, 32.33], recall: [44.38, 73.87, 90.5], macro-F1: 32.7, micro-F1: 43.92
(Test) Fine-grained ## precision: [39.84, 25.33, 19.4], recall: [36.99, 46.04, 52.3], macro-F1: 10.47, micro-F1: 36.02
(Test) Ekman ## precision: [46.07, 37.31, 29.53], recall: [43.71, 70.37, 82.6], macro-F1: 24.03, micro-F1: 43.03
(Test) Sentiment ## precision: [47.45, 38.58, 31.76], recall: [45.07, 72.88, 89.46], macro-F1: 33.12, micro-F1: 44.65

Epoch: 5
(Dev) Fine-grained ## precision: [39.44, 25.06, 19.47], recall: [36.63, 45.24, 52.18], macro-F1: 11.04, micro-F1: 35.79
(Dev) Ekman ## precision: [45.65, 38.2, 29.86], recall: [43.14, 71.75, 83.26], macro-F1: 24.78, micro-F1: 42.96
(Dev) Sentiment ## precision: [47.4, 39.23, 32.29], recall: [44.94, 73.82, 90.39], macro-F1: 34.23, micro-F1: 44.71
(Test) Fine-grained ## precision: [40.46, 25.44, 19.61], recall: [37.48, 46.32, 52.8], macro-F1: 12.69, micro-F1: 36.52
(Test) Ekman ## precision: [46.21, 37.63, 29.68], recall: [43.84, 71.01, 83.04], macro-F1: 26.19, micro-F1: 43.39
(Test) Sentiment ## precision: [47.52, 38.56, 31.79], recall: [45.19, 72.91, 89.42], macro-F1: 34.85, micro-F1: 45.0

Epoch: 6
(Dev) Fine-grained ## precision: [39.38, 25.41, 19.82], recall: [36.5, 45.91, 53.02], macro-F1: 11.45, micro-F1: 35.57
(Dev) Ekman ## precision: [46.19, 38.22, 29.95], recall: [43.61, 71.75, 83.47], macro-F1: 27.97, micro-F1: 43.13
(Dev) Sentiment ## precision: [47.59, 39.32, 32.39], recall: [45.09, 73.97, 90.67], macro-F1: 35.11, micro-F1: 44.84
(Test) Fine-grained ## precision: [40.65, 25.63, 19.77], recall: [37.67, 46.7, 53.24], macro-F1: 13.55, micro-F1: 36.65
(Test) Ekman ## precision: [46.69, 37.57, 29.64], recall: [44.32, 70.91, 82.93], macro-F1: 30.51, micro-F1: 43.8
(Test) Sentiment ## precision: [47.76, 38.58, 31.93], recall: [45.44, 72.97, 89.87], macro-F1: 35.92, micro-F1: 45.22

Epoch: 7
(Dev) Fine-grained ## precision: [39.55, 25.51, 19.92], recall: [36.64, 46.2, 53.28], macro-F1: 12.25, micro-F1: 35.68
(Dev) Ekman ## precision: [46.44, 38.35, 30.0], recall: [43.8, 71.93, 83.67], macro-F1: 28.44, micro-F1: 43.38
(Dev) Sentiment ## precision: [47.86, 39.17, 32.36], recall: [45.33, 73.72, 90.56], macro-F1: 35.55, micro-F1: 45.01
(Test) Fine-grained ## precision: [40.76, 25.94, 19.81], recall: [37.76, 47.1, 53.44], macro-F1: 14.06, micro-F1: 36.74
(Test) Ekman ## precision: [46.55, 37.47, 29.63], recall: [44.21, 70.74, 82.95], macro-F1: 30.33, micro-F1: 43.63
(Test) Sentiment ## precision: [47.39, 38.55, 31.88], recall: [45.08, 72.91, 89.76], macro-F1: 35.83, micro-F1: 44.83

Epoch: 8
(Dev) Fine-grained ## precision: [39.99, 25.45, 19.76], recall: [37.04, 46.08, 52.94], macro-F1: 14.46, micro-F1: 36.29
(Dev) Ekman ## precision: [46.5, 38.45, 30.0], recall: [43.86, 72.09, 83.65], macro-F1: 28.73, micro-F1: 43.42
(Dev) Sentiment ## precision: [47.86, 39.21, 32.36], recall: [45.3, 73.67, 90.59], macro-F1: 35.91, micro-F1: 45.01
(Test) Fine-grained ## precision: [40.91, 25.89, 19.89], recall: [37.87, 47.0, 53.63], macro-F1: 14.83, micro-F1: 36.96
(Test) Ekman ## precision: [46.73, 37.65, 29.75], recall: [44.37, 70.96, 83.14], macro-F1: 30.84, micro-F1: 43.82
(Test) Sentiment ## precision: [47.91, 38.63, 31.87], recall: [45.59, 72.99, 89.72], macro-F1: 36.79, micro-F1: 45.48

Epoch: 9
(Dev) Fine-grained ## precision: [39.99, 25.42, 19.76], recall: [37.02, 45.99, 52.89], macro-F1: 16.12, micro-F1: 36.23
(Dev) Ekman ## precision: [47.09, 38.49, 30.01], recall: [44.28, 72.12, 83.63], macro-F1: 31.29, micro-F1: 44.07
(Dev) Sentiment ## precision: [48.36, 39.06, 32.28], recall: [45.69, 73.36, 90.36], macro-F1: 36.42, micro-F1: 45.78
(Test) Fine-grained ## precision: [40.57, 25.85, 19.83], recall: [37.5, 46.95, 53.4], macro-F1: 15.8, micro-F1: 36.52
(Test) Ekman ## precision: [47.08, 37.68, 29.74], recall: [44.69, 71.03, 83.14], macro-F1: 31.86, micro-F1: 44.39
(Test) Sentiment ## precision: [48.35, 38.62, 31.94], recall: [46.0, 73.0, 89.96], macro-F1: 36.69, micro-F1: 46.16

(Final Test) Fine-grained ## precision: [40.57, 25.85, 19.83], recall: [37.5, 46.95, 53.4], macro-F1: 15.8, micro-F1: 36.52
(Final Test) Ekman ## precision: [47.08, 37.68, 29.74], recall: [44.69, 71.03, 83.14], macro-F1: 31.86, micro-F1: 44.39
(Final Test) Sentiment ## precision: [48.35, 38.62, 31.94], recall: [46.0, 73.0, 89.96], macro-F1: 36.69, micro-F1: 46.16
