Epoch: 0
Dev ## precision: [32.55, 21.52, 16.84], recall: [30.92, 39.71, 45.84], macro-F1: 0.016203232504172944, micro-F1: 0.2934021378547733
Test ## precision: [32.93, 21.87, 16.96], recall: [31.23, 40.34, 46.33], macro-F1: 0.01631086104283886, micro-F1: 0.29592776856458447

Epoch: 1
Dev ## precision: [35.66, 22.62, 17.43], recall: [33.68, 41.66, 47.37], macro-F1: 0.047988064762939715, micro-F1: 0.32436417250276445
Test ## precision: [36.26, 22.89, 17.46], recall: [34.09, 42.28, 47.69], macro-F1: 0.05036098983200212, micro-F1: 0.32725262576008846

Epoch: 2
Dev ## precision: [37.15, 23.64, 18.36], recall: [34.93, 43.31, 49.75], macro-F1: 0.05911865812224126, micro-F1: 0.3391079985256174
Test ## precision: [37.48, 24.16, 18.59], recall: [35.11, 44.36, 50.56], macro-F1: 0.062025473471132464, micro-F1: 0.33996683250414594

Epoch: 3
Dev ## precision: [38.61, 24.7, 19.23], recall: [36.01, 44.82, 51.71], macro-F1: 0.08714465609171192, micro-F1: 0.35090305934389976
Test ## precision: [39.05, 25.23, 19.32], recall: [36.34, 45.94, 52.23], macro-F1: 0.09583429985695012, micro-F1: 0.3543394140409066

Epoch: 4
Dev ## precision: [39.46, 25.14, 19.52], recall: [36.78, 45.58, 52.46], macro-F1: 0.10443608727004641, micro-F1: 0.3573534832288979
Test ## precision: [40.61, 25.78, 19.77], recall: [37.69, 46.94, 53.37], macro-F1: 0.12271158164508958, micro-F1: 0.36613230145568454

Epoch: 5
Dev ## precision: [39.94, 25.7, 19.89], recall: [37.17, 46.62, 53.45], macro-F1: 0.12145342525894212, micro-F1: 0.3626981201621821
Test ## precision: [40.76, 26.04, 19.88], recall: [37.8, 47.47, 53.7], macro-F1: 0.1270529299766287, micro-F1: 0.36705362078496406

Epoch: 6
Dev ## precision: [40.29, 25.91, 20.08], recall: [37.39, 46.96, 53.91], macro-F1: 0.13856989629241614, micro-F1: 0.364356800589753
Test ## precision: [41.33, 26.19, 20.04], recall: [38.33, 47.72, 54.15], macro-F1: 0.14845419996321768, micro-F1: 0.3722130090289294

Epoch: 7
Dev ## precision: [40.82, 26.19, 20.23], recall: [37.79, 47.36, 54.28], macro-F1: 0.16181433836065012, micro-F1: 0.36933284187246584
Test ## precision: [41.64, 26.58, 20.17], recall: [38.58, 48.42, 54.39], macro-F1: 0.16531737051818957, micro-F1: 0.374976967016768

Epoch: 8
Dev ## precision: [40.88, 26.17, 20.13], recall: [37.83, 47.36, 53.93], macro-F1: 0.16900353144898098, micro-F1: 0.37025433099889415

Epoch: 9
Dev ## precision: [41.14, 26.32, 20.25], recall: [38.11, 47.61, 54.24], macro-F1: 0.172356146404175, micro-F1: 0.37430888315517874
Test ## precision: [41.75, 26.83, 20.38], recall: [38.74, 48.86, 54.9], macro-F1: 0.17571100446300916, micro-F1: 0.3784779804680302

Final Test ## precision: [41.75, 26.83, 20.38], recall: [38.74, 48.86, 54.9], macro-F1: 0.17571100446300916, micro-F1: 0.3784779804680302
