Epoch: 0
(Dev) Fine-grained ## precision: [32.55, 19.57, 15.06], recall: [30.92, 36.6, 41.54], macro-F1: 1.62, micro-F1: 29.34
(Dev) Ekman ## precision: [41.3, 36.72, 28.75], recall: [38.76, 69.25, 80.59], macro-F1: 9.16, micro-F1: 39.81
(Dev) Sentiment ## precision: [40.9, 36.72, 28.31], recall: [38.32, 69.26, 79.23], macro-F1: 14.46, micro-F1: 40.69
(Test) Fine-grained ## precision: [32.93, 19.72, 14.93], recall: [31.23, 36.85, 41.31], macro-F1: 1.63, micro-F1: 29.59
(Test) Ekman ## precision: [38.68, 35.85, 28.17], recall: [36.44, 67.79, 79.31], macro-F1: 8.69, micro-F1: 37.59
(Test) Sentiment ## precision: [38.77, 35.85, 28.06], recall: [36.55, 67.8, 78.52], macro-F1: 13.94, micro-F1: 38.66

Epoch: 1
(Dev) Fine-grained ## precision: [33.87, 20.39, 16.45], recall: [32.14, 38.05, 45.18], macro-F1: 2.93, micro-F1: 30.58
(Dev) Ekman ## precision: [41.95, 36.72, 28.31], recall: [39.43, 69.25, 79.4], macro-F1: 12.38, micro-F1: 39.83
(Dev) Sentiment ## precision: [40.9, 36.72, 29.14], recall: [38.32, 69.26, 81.54], macro-F1: 14.46, micro-F1: 40.69
(Test) Fine-grained ## precision: [34.4, 20.57, 16.18], recall: [32.6, 38.23, 44.27], macro-F1: 3.06, micro-F1: 30.94
(Test) Ekman ## precision: [40.61, 35.85, 27.83], recall: [38.34, 67.79, 78.2], macro-F1: 12.25, micro-F1: 38.64
(Test) Sentiment ## precision: [38.77, 35.85, 29.0], recall: [36.55, 67.8, 81.24], macro-F1: 13.94, micro-F1: 38.66

Epoch: 2
(Dev) Fine-grained ## precision: [36.77, 22.33, 17.32], recall: [34.51, 41.16, 47.17], macro-F1: 5.7, micro-F1: 33.41
(Dev) Ekman ## precision: [43.18, 36.6, 28.22], recall: [40.76, 68.99, 79.01], macro-F1: 18.28, micro-F1: 40.88
(Dev) Sentiment ## precision: [43.05, 38.29, 30.38], recall: [40.38, 72.07, 85.01], macro-F1: 20.39, micro-F1: 42.59
(Test) Fine-grained ## precision: [37.33, 22.29, 17.42], recall: [34.97, 41.03, 47.35], macro-F1: 5.96, micro-F1: 33.78
(Test) Ekman ## precision: [42.8, 36.25, 28.2], recall: [40.54, 68.47, 78.98], macro-F1: 18.66, micro-F1: 40.54
(Test) Sentiment ## precision: [41.81, 37.72, 30.31], recall: [39.5, 71.37, 85.07], macro-F1: 20.82, micro-F1: 41.55

Epoch: 3
(Dev) Fine-grained ## precision: [38.08, 23.25, 17.66], recall: [35.55, 42.45, 47.81], macro-F1: 7.46, micro-F1: 34.7
(Dev) Ekman ## precision: [43.49, 36.74, 28.51], recall: [41.21, 69.19, 79.76], macro-F1: 18.11, micro-F1: 40.73
(Dev) Sentiment ## precision: [43.35, 38.32, 30.76], recall: [40.65, 72.17, 86.0], macro-F1: 20.93, micro-F1: 42.85
(Test) Fine-grained ## precision: [38.35, 23.38, 17.76], recall: [35.79, 42.76, 48.07], macro-F1: 7.52, micro-F1: 34.81
(Test) Ekman ## precision: [44.09, 36.37, 28.52], recall: [41.83, 68.62, 79.86], macro-F1: 19.49, micro-F1: 41.28
(Test) Sentiment ## precision: [42.1, 37.75, 30.74], recall: [39.77, 71.43, 86.27], macro-F1: 21.47, micro-F1: 41.83

Epoch: 4
(Dev) Fine-grained ## precision: [38.83, 24.09, 18.15], recall: [36.22, 43.87, 49.0], macro-F1: 9.67, micro-F1: 35.33
(Dev) Ekman ## precision: [45.12, 37.08, 28.63], recall: [42.72, 69.81, 80.11], macro-F1: 22.95, micro-F1: 42.24
(Dev) Sentiment ## precision: [43.31, 38.24, 31.18], recall: [40.62, 72.01, 87.27], macro-F1: 20.82, micro-F1: 42.81
(Test) Fine-grained ## precision: [39.6, 24.42, 18.49], recall: [36.83, 44.45, 50.02], macro-F1: 10.0, micro-F1: 35.93
(Test) Ekman ## precision: [45.79, 36.82, 28.67], recall: [43.47, 69.44, 80.29], macro-F1: 24.38, micro-F1: 42.77
(Test) Sentiment ## precision: [41.77, 37.65, 30.85], recall: [39.45, 71.28, 86.79], macro-F1: 20.84, micro-F1: 41.44

Epoch: 5
(Dev) Fine-grained ## precision: [39.4, 24.43, 18.52], recall: [36.66, 44.48, 50.01], macro-F1: 10.5, micro-F1: 35.77
(Dev) Ekman ## precision: [45.74, 37.29, 28.85], recall: [43.35, 70.21, 80.73], macro-F1: 26.4, micro-F1: 42.85
(Dev) Sentiment ## precision: [43.24, 38.32, 31.68], recall: [40.54, 72.22, 88.71], macro-F1: 21.82, micro-F1: 42.59
(Test) Fine-grained ## precision: [40.17, 24.73, 18.57], recall: [37.34, 45.0, 50.15], macro-F1: 11.64, micro-F1: 36.43
(Test) Ekman ## precision: [46.21, 36.9, 28.81], recall: [43.85, 69.58, 80.71], macro-F1: 27.73, micro-F1: 43.21
(Test) Sentiment ## precision: [41.88, 37.59, 31.1], recall: [39.59, 71.16, 87.62], macro-F1: 22.41, micro-F1: 41.5

Epoch: 6
(Dev) Fine-grained ## precision: [39.77, 24.93, 18.95], recall: [36.93, 45.3, 51.04], macro-F1: 12.5, micro-F1: 36.14
(Dev) Ekman ## precision: [46.66, 37.74, 29.11], recall: [44.17, 70.99, 81.41], macro-F1: 29.06, micro-F1: 43.64
(Dev) Sentiment ## precision: [44.58, 38.49, 31.94], recall: [41.88, 72.52, 89.49], macro-F1: 25.83, micro-F1: 43.64
(Test) Fine-grained ## precision: [40.32, 25.23, 19.11], recall: [37.44, 45.85, 51.5], macro-F1: 13.07, micro-F1: 36.54
(Test) Ekman ## precision: [46.47, 37.13, 29.0], recall: [44.13, 70.05, 81.18], macro-F1: 30.77, micro-F1: 43.56
(Test) Sentiment ## precision: [43.43, 37.63, 31.2], recall: [41.15, 71.27, 87.98], macro-F1: 26.29, micro-F1: 42.84

Epoch: 7
(Dev) Fine-grained ## precision: [39.92, 25.02, 19.13], recall: [37.0, 45.39, 51.49], macro-F1: 13.23, micro-F1: 36.21
(Dev) Ekman ## precision: [46.61, 37.72, 29.02], recall: [44.06, 70.9, 81.15], macro-F1: 31.18, micro-F1: 43.49
(Dev) Sentiment ## precision: [45.36, 38.45, 31.93], recall: [42.67, 72.44, 89.44], macro-F1: 29.46, micro-F1: 44.12
(Test) Fine-grained ## precision: [40.7, 25.42, 19.19], recall: [37.74, 46.2, 51.8], macro-F1: 13.84, micro-F1: 36.83
(Test) Ekman ## precision: [46.99, 37.05, 28.92], recall: [44.63, 69.92, 81.01], macro-F1: 31.45, micro-F1: 44.08
(Test) Sentiment ## precision: [44.74, 37.73, 31.18], recall: [42.44, 71.45, 87.88], macro-F1: 29.83, micro-F1: 43.84

Epoch: 8
(Dev) Fine-grained ## precision: [39.7, 25.18, 19.42], recall: [36.76, 45.64, 52.13], macro-F1: 14.61, micro-F1: 36.2
(Dev) Ekman ## precision: [47.18, 37.39, 28.98], recall: [44.38, 70.25, 80.98], macro-F1: 30.84, micro-F1: 44.23
(Dev) Sentiment ## precision: [44.95, 38.47, 31.88], recall: [42.18, 72.43, 89.28], macro-F1: 27.73, micro-F1: 43.88

Epoch: 9
(Dev) Fine-grained ## precision: [40.34, 25.17, 19.68], recall: [37.38, 45.69, 52.8], macro-F1: 15.16, micro-F1: 36.75
(Dev) Ekman ## precision: [47.14, 37.35, 29.07], recall: [44.49, 70.22, 81.24], macro-F1: 30.7, micro-F1: 44.05
(Dev) Sentiment ## precision: [46.83, 38.49, 32.04], recall: [44.13, 72.48, 89.73], macro-F1: 32.4, micro-F1: 45.15
(Test) Fine-grained ## precision: [40.98, 25.58, 19.54], recall: [37.9, 46.45, 52.67], macro-F1: 15.24, micro-F1: 37.15
(Test) Ekman ## precision: [47.02, 36.98, 28.94], recall: [44.57, 69.68, 80.99], macro-F1: 31.12, micro-F1: 44.0
(Test) Sentiment ## precision: [45.66, 38.0, 31.28], recall: [43.44, 71.91, 88.19], macro-F1: 32.66, micro-F1: 44.37

(Final Test) Fine-grained ## precision: [40.98, 25.58, 19.54], recall: [37.9, 46.45, 52.67], macro-F1: 15.24, micro-F1: 37.15
(Final Test) Ekman ## precision: [47.02, 36.98, 28.94], recall: [44.57, 69.68, 80.99], macro-F1: 31.12, micro-F1: 44.0
(Final Test) Sentiment ## precision: [45.66, 38.0, 31.28], recall: [43.44, 71.91, 88.19], macro-F1: 32.66, micro-F1: 44.37
