Epoch: 0
(Dev) Fine-grained ## precision: [32.55, 21.32, 15.97], recall: [30.92, 39.38, 43.8], macro-F1: 1.62, micro-F1: 29.34
(Dev) Ekman ## precision: [41.04, 36.72, 28.87], recall: [38.46, 69.25, 80.9], macro-F1: 8.69, micro-F1: 39.57
(Dev) Sentiment ## precision: [38.91, 36.72, 32.1], recall: [36.91, 69.26, 90.02], macro-F1: 21.03, micro-F1: 36.31
(Test) Fine-grained ## precision: [32.93, 21.67, 16.15], recall: [31.23, 40.12, 44.41], macro-F1: 1.63, micro-F1: 29.59
(Test) Ekman ## precision: [38.81, 35.85, 28.44], recall: [36.51, 67.79, 79.76], macro-F1: 8.33, micro-F1: 37.66
(Test) Sentiment ## precision: [37.98, 35.85, 31.65], recall: [35.93, 67.8, 89.28], macro-F1: 20.58, micro-F1: 35.34

Epoch: 1
(Dev) Fine-grained ## precision: [35.53, 22.28, 17.21], recall: [33.56, 41.05, 46.92], macro-F1: 4.69, micro-F1: 32.31
(Dev) Ekman ## precision: [41.67, 36.68, 28.93], recall: [39.22, 69.15, 81.05], macro-F1: 12.2, micro-F1: 39.57
(Dev) Sentiment ## precision: [42.59, 36.81, 32.1], recall: [40.32, 69.44, 90.03], macro-F1: 23.64, micro-F1: 40.12
(Test) Fine-grained ## precision: [36.06, 22.56, 17.26], recall: [33.92, 41.62, 47.25], macro-F1: 4.9, micro-F1: 32.6
(Test) Ekman ## precision: [40.98, 35.83, 28.52], recall: [38.67, 67.74, 79.98], macro-F1: 12.3, micro-F1: 39.16
(Test) Sentiment ## precision: [42.45, 36.01, 31.65], recall: [40.3, 68.09, 89.28], macro-F1: 23.91, micro-F1: 40.21

Epoch: 2
(Dev) Fine-grained ## precision: [37.1, 23.03, 17.77], recall: [34.79, 42.07, 48.07], macro-F1: 5.74, micro-F1: 33.8
(Dev) Ekman ## precision: [44.08, 36.85, 28.97], recall: [41.58, 69.42, 81.12], macro-F1: 16.42, micro-F1: 41.5
(Dev) Sentiment ## precision: [45.71, 38.31, 32.09], recall: [43.3, 72.08, 89.92], macro-F1: 31.04, micro-F1: 43.02
(Test) Fine-grained ## precision: [37.42, 23.5, 17.98], recall: [35.04, 43.06, 48.78], macro-F1: 5.99, micro-F1: 33.9
(Test) Ekman ## precision: [43.69, 36.21, 28.76], recall: [41.45, 68.4, 80.59], macro-F1: 16.86, micro-F1: 41.57
(Test) Sentiment ## precision: [46.27, 37.87, 31.71], recall: [43.97, 71.57, 89.31], macro-F1: 32.18, micro-F1: 43.76

Epoch: 3
(Dev) Fine-grained ## precision: [37.6, 23.77, 18.23], recall: [35.09, 43.25, 48.94], macro-F1: 6.83, micro-F1: 34.39
(Dev) Ekman ## precision: [44.47, 37.03, 29.02], recall: [41.99, 69.72, 81.16], macro-F1: 17.23, micro-F1: 42.06
(Dev) Sentiment ## precision: [46.44, 38.8, 31.97], recall: [44.07, 73.02, 89.6], macro-F1: 32.41, micro-F1: 43.86
(Test) Fine-grained ## precision: [37.98, 24.39, 18.64], recall: [35.42, 44.44, 50.31], macro-F1: 6.97, micro-F1: 34.59
(Test) Ekman ## precision: [44.32, 36.37, 28.96], recall: [42.08, 68.69, 81.09], macro-F1: 17.44, micro-F1: 42.18
(Test) Sentiment ## precision: [47.34, 38.39, 31.67], recall: [45.0, 72.55, 89.23], macro-F1: 33.73, micro-F1: 44.85

Epoch: 4
(Dev) Fine-grained ## precision: [38.59, 24.18, 18.72], recall: [35.98, 43.98, 50.27], macro-F1: 9.15, micro-F1: 35.26
(Dev) Ekman ## precision: [45.6, 37.36, 29.27], recall: [43.04, 70.27, 81.76], macro-F1: 19.13, micro-F1: 42.87
(Dev) Sentiment ## precision: [47.31, 38.87, 32.07], recall: [44.88, 73.21, 89.91], macro-F1: 33.35, micro-F1: 44.67
(Test) Fine-grained ## precision: [39.32, 24.81, 19.09], recall: [36.6, 45.22, 51.58], macro-F1: 9.71, micro-F1: 35.73
(Test) Ekman ## precision: [44.94, 36.75, 29.34], recall: [42.63, 69.37, 82.23], macro-F1: 19.88, micro-F1: 42.44
(Test) Sentiment ## precision: [47.43, 38.55, 31.69], recall: [45.06, 72.89, 89.35], macro-F1: 34.03, micro-F1: 44.87

Epoch: 5
(Dev) Fine-grained ## precision: [39.24, 24.57, 19.03], recall: [36.43, 44.61, 51.09], macro-F1: 10.11, micro-F1: 35.72
(Dev) Ekman ## precision: [45.54, 37.79, 29.56], recall: [43.13, 71.11, 82.65], macro-F1: 22.26, micro-F1: 42.55
(Dev) Sentiment ## precision: [47.09, 38.89, 32.23], recall: [44.7, 73.2, 90.32], macro-F1: 32.69, micro-F1: 44.18
(Test) Fine-grained ## precision: [40.11, 25.2, 19.22], recall: [37.22, 45.79, 51.73], macro-F1: 11.17, micro-F1: 36.28
(Test) Ekman ## precision: [45.96, 37.24, 29.37], recall: [43.6, 70.28, 82.27], macro-F1: 24.48, micro-F1: 42.93
(Test) Sentiment ## precision: [47.47, 38.57, 31.75], recall: [45.09, 72.95, 89.52], macro-F1: 33.59, micro-F1: 44.74

Epoch: 6
(Dev) Fine-grained ## precision: [39.72, 25.21, 19.67], recall: [36.87, 45.71, 52.76], macro-F1: 11.86, micro-F1: 36.1
(Dev) Ekman ## precision: [46.41, 37.97, 29.56], recall: [43.78, 71.46, 82.63], macro-F1: 23.42, micro-F1: 43.64
(Dev) Sentiment ## precision: [48.18, 39.22, 32.33], recall: [45.63, 73.85, 90.59], macro-F1: 34.85, micro-F1: 45.5
(Test) Fine-grained ## precision: [40.41, 25.82, 19.62], recall: [37.49, 47.01, 52.84], macro-F1: 11.91, micro-F1: 36.48
(Test) Ekman ## precision: [45.29, 37.3, 29.46], recall: [42.96, 70.45, 82.61], macro-F1: 24.6, micro-F1: 42.84
(Test) Sentiment ## precision: [48.04, 38.57, 31.76], recall: [45.7, 72.95, 89.61], macro-F1: 35.52, micro-F1: 45.72

Epoch: 7
(Dev) Fine-grained ## precision: [39.92, 25.22, 19.65], recall: [37.04, 45.65, 52.67], macro-F1: 12.6, micro-F1: 36.18
(Dev) Ekman ## precision: [46.85, 38.02, 29.75], recall: [44.22, 71.49, 83.13], macro-F1: 25.69, micro-F1: 44.07
(Dev) Sentiment ## precision: [48.43, 39.14, 32.26], recall: [45.86, 73.74, 90.41], macro-F1: 35.88, micro-F1: 45.69
(Test) Fine-grained ## precision: [40.74, 25.72, 19.72], recall: [37.73, 46.8, 53.13], macro-F1: 13.18, micro-F1: 36.72
(Test) Ekman ## precision: [45.79, 37.38, 29.56], recall: [43.39, 70.61, 82.85], macro-F1: 27.72, micro-F1: 43.38
(Test) Sentiment ## precision: [47.93, 38.58, 31.93], recall: [45.62, 72.97, 90.04], macro-F1: 36.03, micro-F1: 45.66

Epoch: 8
(Dev) Fine-grained ## precision: [40.07, 25.53, 19.72], recall: [37.19, 46.1, 52.78], macro-F1: 13.89, micro-F1: 36.34
(Dev) Ekman ## precision: [46.76, 38.14, 29.69], recall: [44.11, 71.71, 82.95], macro-F1: 27.57, micro-F1: 43.94
(Dev) Sentiment ## precision: [48.45, 39.1, 32.33], recall: [45.82, 73.65, 90.56], macro-F1: 36.16, micro-F1: 45.78
(Test) Fine-grained ## precision: [40.94, 25.9, 19.81], recall: [37.9, 47.09, 53.47], macro-F1: 14.1, micro-F1: 36.91
(Test) Ekman ## precision: [45.9, 37.41, 29.63], recall: [43.5, 70.69, 83.07], macro-F1: 29.2, micro-F1: 43.49
(Test) Sentiment ## precision: [48.07, 38.62, 31.9], recall: [45.75, 73.08, 89.97], macro-F1: 36.81, micro-F1: 45.92

Epoch: 9
(Dev) Fine-grained ## precision: [40.51, 25.45, 19.71], recall: [37.56, 46.01, 52.82], macro-F1: 15.41, micro-F1: 36.71
(Dev) Ekman ## precision: [46.96, 38.11, 29.87], recall: [44.37, 71.65, 83.5], macro-F1: 28.54, micro-F1: 43.96
(Dev) Sentiment ## precision: [48.42, 39.01, 32.32], recall: [45.85, 73.44, 90.57], macro-F1: 36.22, micro-F1: 45.61
(Test) Fine-grained ## precision: [41.39, 26.01, 19.81], recall: [38.28, 47.17, 53.38], macro-F1: 15.15, micro-F1: 37.35
(Test) Ekman ## precision: [47.19, 37.62, 29.67], recall: [44.78, 71.04, 83.17], macro-F1: 31.14, micro-F1: 44.32
(Test) Sentiment ## precision: [48.7, 38.65, 31.91], recall: [46.35, 73.16, 90.03], macro-F1: 37.22, micro-F1: 46.32

(Final Test) Fine-grained ## precision: [41.39, 26.01, 19.81], recall: [38.28, 47.17, 53.38], macro-F1: 15.15, micro-F1: 37.35
(Final Test) Ekman ## precision: [47.19, 37.62, 29.67], recall: [44.78, 71.04, 83.17], macro-F1: 31.14, micro-F1: 44.32
(Final Test) Sentiment ## precision: [48.7, 38.65, 31.91], recall: [46.35, 73.16, 90.03], macro-F1: 37.22, micro-F1: 46.32
