Epoch: 0
Dev ## precision: [41.12, 37.04, 32.08], recall: [38.64, 69.92, 89.96], macro-F1: 0.21199562689575246, micro-F1: 0.4010320678215997
Test ## precision: [40.26, 36.17, 31.63], recall: [38.03, 68.4, 89.21], macro-F1: 0.21449623764794817, micro-F1: 0.3911921872120877

Epoch: 1
Dev ## precision: [44.75, 38.36, 32.12], recall: [42.26, 72.25, 90.04], macro-F1: 0.3095393001732157, micro-F1: 0.42535938075930696
Test ## precision: [45.42, 37.72, 31.66], recall: [43.03, 71.36, 89.31], macro-F1: 0.32139176665095687, micro-F1: 0.43467845955408146

Epoch: 2
Dev ## precision: [45.65, 38.59, 32.23], recall: [43.3, 72.64, 90.3], macro-F1: 0.3108559589504102, micro-F1: 0.4307040176925912
Test ## precision: [46.56, 38.1, 31.72], recall: [44.2, 71.96, 89.42], macro-F1: 0.3253843148295533, micro-F1: 0.4409434309931823

Epoch: 3
Dev ## precision: [46.39, 39.17, 32.32], recall: [43.99, 73.69, 90.56], macro-F1: 0.3257679361614691, micro-F1: 0.4360486546258754
Test ## precision: [47.17, 38.54, 31.76], recall: [44.86, 72.84, 89.57], macro-F1: 0.3356891109644784, micro-F1: 0.4451814999078681

Epoch: 4
Dev ## precision: [47.05, 39.19, 32.34], recall: [44.67, 73.74, 90.63], macro-F1: 0.3327174795780729, micro-F1: 0.4432362698120162
Test ## precision: [47.6, 38.56, 31.83], recall: [45.31, 72.87, 89.8], macro-F1: 0.33572341209499834, micro-F1: 0.449235304956698

Epoch: 5
Dev ## precision: [47.01, 39.11, 32.35], recall: [44.58, 73.52, 90.58], macro-F1: 0.34817932147165037, micro-F1: 0.4408403980833026

Epoch: 6
Dev ## precision: [47.71, 39.27, 32.34], recall: [45.33, 73.88, 90.58], macro-F1: 0.35080534506059596, micro-F1: 0.44839660892001476
Test ## precision: [47.89, 38.74, 32.01], recall: [45.6, 73.28, 90.3], macro-F1: 0.3570487034476326, micro-F1: 0.4529205822738161

Epoch: 7
Dev ## precision: [48.16, 39.32, 32.34], recall: [45.55, 73.92, 90.63], macro-F1: 0.3591064614219128, micro-F1: 0.4557685219314412
Test ## precision: [48.31, 38.73, 31.98], recall: [45.94, 73.21, 90.16], macro-F1: 0.37415859116059896, micro-F1: 0.46029113690805235

Epoch: 8
Dev ## precision: [48.12, 39.08, 32.42], recall: [45.6, 73.46, 90.77], macro-F1: 0.36488843437570745, micro-F1: 0.4518982676004423

Epoch: 9
Dev ## precision: [47.94, 38.91, 32.38], recall: [45.2, 73.07, 90.64], macro-F1: 0.36910005111753175, micro-F1: 0.45374124585329895

Final Test ## precision: [48.31, 38.73, 31.98], recall: [45.94, 73.21, 90.16], macro-F1: 0.37415859116059896, micro-F1: 0.46029113690805235
