Epoch: 0
(Dev) Fine-grained ## precision: [5.93, 5.16, 4.93], recall: [4.66, 8.26, 12.0], macro-F1: 0.96, micro-F1: 4.92
(Dev) Ekman ## precision: [40.9, 23.71, 18.31], recall: [38.31, 43.93, 50.45], macro-F1: 8.09, micro-F1: 39.5
(Dev) Sentiment ## precision: [41.43, 36.8, 32.03], recall: [39.24, 69.39, 89.83], macro-F1: 23.1, micro-F1: 39.72
(Test) Fine-grained ## precision: [6.28, 5.15, 4.98], recall: [5.06, 8.44, 12.35], macro-F1: 1.06, micro-F1: 5.66
(Test) Ekman ## precision: [38.77, 22.98, 17.88], recall: [36.54, 42.67, 49.43], macro-F1: 7.84, micro-F1: 37.79
(Test) Sentiment ## precision: [40.04, 35.86, 31.48], recall: [37.76, 67.81, 88.81], macro-F1: 22.59, micro-F1: 38.23

Epoch: 1
(Dev) Fine-grained ## precision: [6.43, 5.46, 4.9], recall: [5.12, 8.76, 11.79], macro-F1: 1.41, micro-F1: 5.33
(Dev) Ekman ## precision: [40.93, 23.24, 18.81], recall: [38.34, 43.04, 51.9], macro-F1: 8.25, micro-F1: 39.53
(Dev) Sentiment ## precision: [43.73, 38.08, 32.12], recall: [41.49, 71.77, 90.01], macro-F1: 27.79, micro-F1: 41.26
(Test) Fine-grained ## precision: [6.58, 5.17, 5.05], recall: [5.48, 8.43, 12.56], macro-F1: 1.49, micro-F1: 5.91
(Test) Ekman ## precision: [38.79, 22.4, 18.43], recall: [36.56, 41.76, 51.03], macro-F1: 7.95, micro-F1: 37.81
(Test) Sentiment ## precision: [44.0, 37.4, 31.55], recall: [41.78, 70.71, 89.01], macro-F1: 28.2, micro-F1: 41.57

Epoch: 2
(Dev) Fine-grained ## precision: [6.4, 5.35, 5.03], recall: [5.09, 8.57, 12.18], macro-F1: 1.32, micro-F1: 5.25
(Dev) Ekman ## precision: [41.45, 23.47, 19.46], recall: [38.81, 43.41, 53.66], macro-F1: 10.99, micro-F1: 40.16
(Dev) Sentiment ## precision: [45.37, 38.2, 32.17], recall: [43.03, 72.02, 90.14], macro-F1: 31.13, micro-F1: 42.74
(Test) Fine-grained ## precision: [6.47, 5.23, 4.94], recall: [5.42, 8.65, 12.3], macro-F1: 1.43, micro-F1: 5.79
(Test) Ekman ## precision: [39.56, 22.53, 19.1], recall: [37.3, 42.02, 52.91], macro-F1: 10.44, micro-F1: 38.66
(Test) Sentiment ## precision: [46.53, 37.76, 31.6], recall: [44.16, 71.33, 89.08], macro-F1: 32.55, micro-F1: 43.8

Epoch: 3
(Dev) Fine-grained ## precision: [6.76, 5.37, 5.03], recall: [5.38, 8.58, 12.29], macro-F1: 1.89, micro-F1: 5.51
(Dev) Ekman ## precision: [41.58, 23.34, 19.3], recall: [38.95, 43.19, 53.27], macro-F1: 10.94, micro-F1: 40.36
(Dev) Sentiment ## precision: [46.26, 38.56, 32.06], recall: [43.88, 72.61, 89.85], macro-F1: 32.09, micro-F1: 43.38
(Test) Fine-grained ## precision: [6.98, 5.26, 4.88], recall: [5.85, 8.71, 12.22], macro-F1: 2.37, micro-F1: 6.19
(Test) Ekman ## precision: [40.04, 22.78, 18.89], recall: [37.68, 42.44, 52.32], macro-F1: 11.02, micro-F1: 39.14
(Test) Sentiment ## precision: [47.17, 38.36, 31.71], recall: [44.76, 72.42, 89.37], macro-F1: 33.29, micro-F1: 44.3

Epoch: 4
(Dev) Fine-grained ## precision: [6.89, 5.53, 4.83], recall: [5.48, 8.86, 11.77], macro-F1: 1.87, micro-F1: 5.57
(Dev) Ekman ## precision: [41.6, 23.71, 19.05], recall: [38.97, 43.81, 52.56], macro-F1: 12.28, micro-F1: 40.36
(Dev) Sentiment ## precision: [46.57, 38.62, 31.99], recall: [44.28, 72.74, 89.71], macro-F1: 31.92, micro-F1: 43.68
(Test) Fine-grained ## precision: [7.44, 5.4, 4.77], recall: [6.2, 8.96, 11.88], macro-F1: 2.2, micro-F1: 6.52
(Test) Ekman ## precision: [40.06, 22.9, 18.76], recall: [37.71, 42.67, 51.96], macro-F1: 11.72, micro-F1: 39.16
(Test) Sentiment ## precision: [47.19, 38.3, 31.59], recall: [44.83, 72.41, 89.07], macro-F1: 32.85, micro-F1: 44.26

Epoch: 5
(Dev) Fine-grained ## precision: [7.35, 5.69, 4.96], recall: [5.85, 9.15, 12.13], macro-F1: 1.94, micro-F1: 5.93
(Dev) Ekman ## precision: [41.6, 23.76, 19.65], recall: [38.97, 43.89, 54.31], macro-F1: 12.68, micro-F1: 40.38
(Dev) Sentiment ## precision: [47.09, 38.93, 31.99], recall: [44.7, 73.33, 89.76], macro-F1: 32.87, micro-F1: 44.25
(Test) Fine-grained ## precision: [7.74, 5.49, 4.94], recall: [6.43, 9.11, 12.26], macro-F1: 2.24, micro-F1: 6.69
(Test) Ekman ## precision: [39.75, 23.03, 19.37], recall: [37.42, 42.86, 53.74], macro-F1: 11.89, micro-F1: 38.84
(Test) Sentiment ## precision: [48.09, 38.42, 31.63], recall: [45.66, 72.61, 89.17], macro-F1: 34.13, micro-F1: 45.31

Epoch: 6
(Dev) Fine-grained ## precision: [7.63, 5.74, 4.87], recall: [6.1, 9.2, 11.83], macro-F1: 2.23, micro-F1: 6.21
(Dev) Ekman ## precision: [41.15, 23.83, 20.14], recall: [38.58, 44.05, 55.82], macro-F1: 11.95, micro-F1: 39.97
(Dev) Sentiment ## precision: [46.66, 38.79, 32.06], recall: [44.36, 73.08, 89.96], macro-F1: 32.06, micro-F1: 43.83
(Test) Fine-grained ## precision: [8.03, 5.7, 4.83], recall: [6.7, 9.42, 11.9], macro-F1: 2.45, micro-F1: 6.93
(Test) Ekman ## precision: [39.3, 23.09, 20.02], recall: [37.04, 42.99, 55.67], macro-F1: 11.63, micro-F1: 38.46
(Test) Sentiment ## precision: [47.26, 38.2, 31.61], recall: [44.92, 72.19, 89.16], macro-F1: 32.84, micro-F1: 44.43

Epoch: 7
(Dev) Fine-grained ## precision: [7.65, 5.89, 5.22], recall: [6.1, 9.48, 12.7], macro-F1: 2.56, micro-F1: 6.27
(Dev) Ekman ## precision: [41.41, 24.91, 20.32], recall: [38.82, 46.0, 56.28], macro-F1: 15.04, micro-F1: 40.2
(Dev) Sentiment ## precision: [47.46, 38.89, 32.15], recall: [45.11, 73.26, 90.19], macro-F1: 33.53, micro-F1: 44.69
(Test) Fine-grained ## precision: [8.03, 5.79, 5.2], recall: [6.67, 9.6, 12.87], macro-F1: 2.52, micro-F1: 6.95
(Test) Ekman ## precision: [39.89, 24.37, 20.11], recall: [37.58, 45.18, 55.89], macro-F1: 15.22, micro-F1: 38.93
(Test) Sentiment ## precision: [48.09, 38.21, 31.75], recall: [45.66, 72.15, 89.56], macro-F1: 34.03, micro-F1: 45.31

Epoch: 8
(Dev) Fine-grained ## precision: [7.5, 6.11, 5.65], recall: [6.02, 9.94, 13.91], macro-F1: 2.73, micro-F1: 6.12
(Dev) Ekman ## precision: [41.36, 25.06, 21.33], recall: [38.76, 46.33, 59.11], macro-F1: 15.0, micro-F1: 40.14
(Dev) Sentiment ## precision: [47.16, 38.31, 32.18], recall: [44.77, 72.12, 90.27], macro-F1: 34.03, micro-F1: 44.29
(Test) Fine-grained ## precision: [7.96, 6.09, 5.71], recall: [6.67, 10.15, 14.33], macro-F1: 2.72, micro-F1: 6.95
(Test) Ekman ## precision: [39.73, 24.3, 21.29], recall: [37.43, 45.12, 59.43], macro-F1: 15.01, micro-F1: 38.75
(Test) Sentiment ## precision: [48.02, 38.03, 31.71], recall: [45.57, 71.93, 89.42], macro-F1: 34.34, micro-F1: 45.24

Epoch: 9
(Dev) Fine-grained ## precision: [8.02, 7.25, 7.08], recall: [6.46, 12.06, 18.05], macro-F1: 2.77, micro-F1: 6.63
(Dev) Ekman ## precision: [41.25, 25.42, 22.01], recall: [38.65, 46.98, 61.01], macro-F1: 14.33, micro-F1: 39.96
(Dev) Sentiment ## precision: [47.14, 38.89, 32.16], recall: [44.86, 73.2, 90.16], macro-F1: 33.78, micro-F1: 44.4
(Test) Fine-grained ## precision: [8.18, 7.47, 7.19], recall: [6.83, 12.77, 18.61], macro-F1: 2.63, micro-F1: 7.15
(Test) Ekman ## precision: [39.75, 24.97, 21.84], recall: [37.45, 46.25, 60.93], macro-F1: 14.8, micro-F1: 38.79
(Test) Sentiment ## precision: [47.95, 38.44, 31.72], recall: [45.59, 72.54, 89.44], macro-F1: 33.97, micro-F1: 45.24

(Final Test) Fine-grained ## precision: [8.18, 7.47, 7.19], recall: [6.83, 12.77, 18.61], macro-F1: 2.63, micro-F1: 7.15
(Final Test) Ekman ## precision: [39.75, 24.97, 21.84], recall: [37.45, 46.25, 60.93], macro-F1: 14.8, micro-F1: 38.79
(Final Test) Sentiment ## precision: [47.95, 38.44, 31.72], recall: [45.59, 72.54, 89.44], macro-F1: 33.97, micro-F1: 45.24
