Epoch: 0
Dev ## precision: [41.5, 36.72, 29.12], recall: [38.93, 69.25, 81.51], macro-F1: 0.1035537881883865, micro-F1: 0.39900479174345743
Test ## precision: [39.25, 35.85, 28.7], recall: [36.99, 67.79, 80.53], macro-F1: 0.09889000011162562, micro-F1: 0.37958356366316565

Epoch: 1
Dev ## precision: [42.44, 36.99, 29.21], recall: [40.04, 69.75, 81.67], macro-F1: 0.1338465231685577, micro-F1: 0.40213785477331365
Test ## precision: [42.36, 36.14, 28.86], recall: [40.11, 68.36, 80.87], macro-F1: 0.13690332332365757, micro-F1: 0.40409065782200115

Epoch: 2
Dev ## precision: [44.91, 37.5, 29.53], recall: [42.47, 70.53, 82.44], macro-F1: 0.1665505352162338, micro-F1: 0.4244378916328787
Test ## precision: [44.48, 36.75, 29.17], recall: [42.25, 69.35, 81.7], macro-F1: 0.1695382444766042, micro-F1: 0.421964252810024

Epoch: 3
Dev ## precision: [45.74, 37.97, 29.78], recall: [43.14, 71.32, 83.09], macro-F1: 0.23118185720038914, micro-F1: 0.4303354220420199
Test ## precision: [45.53, 37.31, 29.51], recall: [43.22, 70.35, 82.61], macro-F1: 0.24297182144516397, micro-F1: 0.4306246545052515

Epoch: 4
Dev ## precision: [45.95, 38.31, 29.76], recall: [43.54, 71.99, 83.12], macro-F1: 0.2662624794166367, micro-F1: 0.4294139329155916
Test ## precision: [46.49, 37.61, 29.49], recall: [44.11, 70.82, 82.62], macro-F1: 0.2798080108152574, micro-F1: 0.43394140409065785

Epoch: 5
Dev ## precision: [46.42, 38.45, 29.93], recall: [43.88, 72.27, 83.61], macro-F1: 0.2797175770047825, micro-F1: 0.4356800589753041
Test ## precision: [46.75, 37.77, 29.65], recall: [44.38, 71.26, 83.1], macro-F1: 0.302707926181064, micro-F1: 0.4405749032614704

Epoch: 6
Dev ## precision: [47.05, 38.52, 30.05], recall: [44.47, 72.35, 83.93], macro-F1: 0.30074968337153624, micro-F1: 0.4404718024327313
Test ## precision: [46.88, 37.79, 29.42], recall: [44.48, 71.28, 82.55], macro-F1: 0.3022629063184293, micro-F1: 0.4392850562004791

Epoch: 7
Dev ## precision: [47.36, 38.54, 30.0], recall: [44.74, 72.28, 83.71], macro-F1: 0.3167077343971761, micro-F1: 0.4432362698120162
Test ## precision: [47.36, 37.89, 29.56], recall: [44.93, 71.42, 82.81], macro-F1: 0.3186244449772503, micro-F1: 0.4440759167127326

Epoch: 8
Dev ## precision: [47.2, 38.4, 29.97], recall: [44.5, 72.05, 83.68], macro-F1: 0.30811421497832026, micro-F1: 0.441761887209731

Epoch: 9
Dev ## precision: [47.55, 38.55, 29.98], recall: [44.75, 72.21, 83.66], macro-F1: 0.32494790017284864, micro-F1: 0.4467379284924438
Test ## precision: [47.61, 37.78, 29.61], recall: [45.11, 71.15, 82.89], macro-F1: 0.32309221854296943, micro-F1: 0.4483139856274185

Final Test ## precision: [47.61, 37.78, 29.61], recall: [45.11, 71.15, 82.89], macro-F1: 0.32309221854296943, micro-F1: 0.4483139856274185
