Epoch: 0
(Dev) Fine-grained ## precision: [32.55, 20.67, 15.46], recall: [30.92, 38.2, 42.37], macro-F1: 1.62, micro-F1: 29.34
(Dev) Ekman ## precision: [34.3, 36.66, 28.89], recall: [32.6, 69.14, 80.96], macro-F1: 8.29, micro-F1: 31.15
(Dev) Sentiment ## precision: [32.55, 25.92, 25.18], recall: [30.94, 48.16, 69.95], macro-F1: 11.34, micro-F1: 29.34
(Test) Fine-grained ## precision: [32.93, 21.05, 15.55], recall: [31.23, 38.93, 42.66], macro-F1: 1.63, micro-F1: 29.59
(Test) Ekman ## precision: [34.92, 35.73, 28.35], recall: [33.1, 67.55, 79.72], macro-F1: 8.52, micro-F1: 31.64
(Test) Sentiment ## precision: [32.93, 26.12, 25.39], recall: [31.25, 48.67, 70.66], macro-F1: 11.42, micro-F1: 29.59

Epoch: 1
(Dev) Fine-grained ## precision: [35.72, 22.2, 17.26], recall: [33.72, 40.96, 46.99], macro-F1: 4.84, micro-F1: 32.49
(Dev) Ekman ## precision: [39.88, 36.68, 28.9], recall: [37.99, 69.15, 80.98], macro-F1: 11.82, micro-F1: 36.79
(Dev) Sentiment ## precision: [32.55, 31.49, 31.56], recall: [30.94, 59.02, 88.37], macro-F1: 11.34, micro-F1: 29.34
(Test) Fine-grained ## precision: [36.17, 22.72, 17.56], recall: [34.03, 41.85, 47.76], macro-F1: 4.97, micro-F1: 32.67
(Test) Ekman ## precision: [40.06, 35.85, 28.36], recall: [38.05, 67.78, 79.75], macro-F1: 11.88, micro-F1: 36.82
(Test) Sentiment ## precision: [32.93, 31.37, 31.03], recall: [31.25, 59.13, 87.41], macro-F1: 11.42, micro-F1: 29.59

Epoch: 2
(Dev) Fine-grained ## precision: [37.06, 23.3, 17.93], recall: [34.73, 42.61, 48.51], macro-F1: 5.8, micro-F1: 33.82
(Dev) Ekman ## precision: [42.85, 37.04, 28.84], recall: [40.73, 69.76, 80.81], macro-F1: 15.25, micro-F1: 39.83
(Dev) Sentiment ## precision: [33.73, 32.93, 31.9], recall: [32.03, 61.73, 89.36], macro-F1: 14.85, micro-F1: 30.46
(Test) Fine-grained ## precision: [37.07, 23.41, 18.09], recall: [34.72, 42.77, 48.94], macro-F1: 5.94, micro-F1: 33.7
(Test) Ekman ## precision: [42.93, 36.36, 28.4], recall: [40.72, 68.64, 79.84], macro-F1: 16.31, micro-F1: 39.87
(Test) Sentiment ## precision: [34.35, 32.6, 31.39], recall: [32.63, 61.54, 88.41], macro-F1: 15.34, micro-F1: 31.03

Epoch: 3
(Dev) Fine-grained ## precision: [38.5, 24.17, 18.63], recall: [35.88, 43.96, 50.12], macro-F1: 8.76, micro-F1: 34.94
(Dev) Ekman ## precision: [43.94, 37.26, 28.82], recall: [41.69, 70.1, 80.75], macro-F1: 17.99, micro-F1: 40.99
(Dev) Sentiment ## precision: [35.72, 36.96, 31.55], recall: [33.86, 69.65, 88.29], macro-F1: 19.5, micro-F1: 32.4
(Test) Fine-grained ## precision: [38.81, 24.71, 18.91], recall: [36.07, 44.88, 50.99], macro-F1: 9.27, micro-F1: 35.1
(Test) Ekman ## precision: [43.71, 36.61, 28.45], recall: [41.44, 69.09, 79.95], macro-F1: 18.12, micro-F1: 40.74
(Test) Sentiment ## precision: [36.93, 36.74, 31.05], recall: [35.03, 69.39, 87.4], macro-F1: 20.6, micro-F1: 33.63

Epoch: 4
(Dev) Fine-grained ## precision: [39.13, 24.62, 19.2], recall: [36.42, 44.73, 51.7], macro-F1: 9.56, micro-F1: 35.5
(Dev) Ekman ## precision: [44.56, 37.44, 29.13], recall: [42.27, 70.44, 81.57], macro-F1: 20.76, micro-F1: 41.58
(Dev) Sentiment ## precision: [35.88, 37.97, 31.79], recall: [34.0, 71.57, 89.05], macro-F1: 19.68, micro-F1: 32.51
(Test) Fine-grained ## precision: [40.17, 25.25, 19.3], recall: [37.33, 45.97, 52.12], macro-F1: 10.62, micro-F1: 36.24
(Test) Ekman ## precision: [44.72, 36.93, 28.57], recall: [42.43, 69.68, 80.29], macro-F1: 21.02, micro-F1: 41.55
(Test) Sentiment ## precision: [36.98, 37.79, 31.28], recall: [35.09, 71.4, 88.12], macro-F1: 20.73, micro-F1: 33.65

Epoch: 5
(Dev) Fine-grained ## precision: [39.62, 25.05, 19.37], recall: [36.87, 45.47, 52.04], macro-F1: 10.8, micro-F1: 35.86
(Dev) Ekman ## precision: [45.36, 37.87, 29.27], recall: [42.97, 71.26, 81.96], macro-F1: 24.12, micro-F1: 42.26
(Dev) Sentiment ## precision: [36.12, 37.97, 31.86], recall: [34.25, 71.53, 89.23], macro-F1: 19.92, micro-F1: 32.75
(Test) Fine-grained ## precision: [40.89, 25.83, 19.54], recall: [37.93, 46.96, 52.78], macro-F1: 12.29, micro-F1: 36.82
(Test) Ekman ## precision: [45.27, 37.31, 28.83], recall: [42.96, 70.42, 81.04], macro-F1: 25.23, micro-F1: 41.99
(Test) Sentiment ## precision: [36.94, 37.66, 31.44], recall: [35.07, 71.2, 88.57], macro-F1: 20.61, micro-F1: 33.61

Epoch: 6
(Dev) Fine-grained ## precision: [39.96, 25.6, 19.98], recall: [37.09, 46.38, 53.61], macro-F1: 11.89, micro-F1: 36.2
(Dev) Ekman ## precision: [45.61, 37.89, 29.43], recall: [43.2, 71.28, 82.3], macro-F1: 24.0, micro-F1: 42.52
(Dev) Sentiment ## precision: [36.12, 38.41, 31.91], recall: [34.22, 72.38, 89.41], macro-F1: 20.54, micro-F1: 32.73
(Test) Fine-grained ## precision: [41.05, 26.05, 19.77], recall: [38.02, 47.43, 53.35], macro-F1: 12.96, micro-F1: 36.94
(Test) Ekman ## precision: [45.59, 37.19, 28.9], recall: [43.27, 70.17, 81.22], macro-F1: 25.23, micro-F1: 42.51
(Test) Sentiment ## precision: [36.96, 37.91, 31.44], recall: [35.07, 71.74, 88.6], macro-F1: 20.89, micro-F1: 33.65

Epoch: 7
(Dev) Fine-grained ## precision: [40.07, 25.87, 19.97], recall: [37.15, 46.86, 53.65], macro-F1: 14.0, micro-F1: 36.27
(Dev) Ekman ## precision: [45.78, 37.92, 29.56], recall: [43.33, 71.3, 82.66], macro-F1: 24.45, micro-F1: 42.66
(Dev) Sentiment ## precision: [36.14, 38.16, 31.85], recall: [34.19, 71.91, 89.24], macro-F1: 21.14, micro-F1: 32.68
(Test) Fine-grained ## precision: [40.94, 25.91, 19.81], recall: [37.82, 47.13, 53.43], macro-F1: 14.21, micro-F1: 36.82
(Test) Ekman ## precision: [45.96, 37.05, 29.02], recall: [43.73, 69.88, 81.55], macro-F1: 26.07, micro-F1: 43.04
(Test) Sentiment ## precision: [36.96, 37.71, 31.47], recall: [35.0, 71.34, 88.66], macro-F1: 21.85, micro-F1: 33.57

Epoch: 8
(Dev) Fine-grained ## precision: [40.2, 25.95, 19.98], recall: [37.34, 47.07, 53.58], macro-F1: 14.39, micro-F1: 36.38
(Dev) Ekman ## precision: [46.2, 37.99, 29.59], recall: [43.75, 71.47, 82.78], macro-F1: 29.58, micro-F1: 42.89
(Dev) Sentiment ## precision: [38.57, 38.46, 31.93], recall: [36.54, 72.52, 89.45], macro-F1: 24.3, micro-F1: 35.13
(Test) Fine-grained ## precision: [41.07, 26.27, 20.07], recall: [38.03, 47.76, 54.19], macro-F1: 14.44, micro-F1: 36.96
(Test) Ekman ## precision: [46.25, 37.25, 29.2], recall: [44.0, 70.34, 82.11], macro-F1: 29.75, micro-F1: 43.08
(Test) Sentiment ## precision: [39.23, 38.04, 31.6], recall: [37.24, 71.93, 89.05], macro-F1: 24.9, micro-F1: 35.89

Epoch: 9
(Dev) Fine-grained ## precision: [40.4, 26.12, 20.17], recall: [37.44, 47.28, 54.12], macro-F1: 15.75, micro-F1: 36.53
(Dev) Ekman ## precision: [46.85, 38.15, 29.56], recall: [44.26, 71.67, 82.71], macro-F1: 30.51, micro-F1: 43.81
(Dev) Sentiment ## precision: [40.34, 38.54, 31.97], recall: [38.25, 72.63, 89.53], macro-F1: 26.97, micro-F1: 36.99
(Test) Fine-grained ## precision: [41.39, 26.22, 20.04], recall: [38.27, 47.6, 54.06], macro-F1: 15.96, micro-F1: 37.28
(Test) Ekman ## precision: [46.53, 37.39, 29.18], recall: [44.2, 70.55, 82.01], macro-F1: 29.94, micro-F1: 43.76
(Test) Sentiment ## precision: [41.26, 38.0, 31.59], recall: [39.18, 71.87, 89.02], macro-F1: 27.44, micro-F1: 38.03

(Final Test) Fine-grained ## precision: [41.39, 26.22, 20.04], recall: [38.27, 47.6, 54.06], macro-F1: 15.96, micro-F1: 37.28
(Final Test) Ekman ## precision: [46.53, 37.39, 29.18], recall: [44.2, 70.55, 82.01], macro-F1: 29.94, micro-F1: 43.76
(Final Test) Sentiment ## precision: [41.26, 38.0, 31.59], recall: [39.18, 71.87, 89.02], macro-F1: 27.44, micro-F1: 38.03
